breakout_model_49900;4.0;261.0
breakout_model_50400;6.0;345.0
breakout_model_50900;3.0;212.0
breakout_model_51400;7.0;5000.0
breakout_model_51900;3.0;227.0
breakout_model_52400;3.0;212.0
breakout_model_52900;3.0;212.0
breakout_model_53400;6.0;341.0
breakout_model_53900;5.0;5000.0
breakout_model_54400;5.0;5000.0
breakout_model_54900;3.0;212.0
breakout_model_55400;6.0;313.0
breakout_model_55900;7.0;376.0
breakout_model_56400;9.0;435.0
breakout_model_56900;4.0;243.0
breakout_model_57400;6.0;323.0
breakout_model_57900;6.0;327.0
breakout_model_58400;3.0;5000.0
breakout_model_58900;6.0;5000.0
breakout_model_59400;5.0;292.0
breakout_model_59900;5.0;292.0
breakout_model_60400;6.0;5000.0
breakout_model_60900;10.0;5000.0
breakout_model_61400;10.0;454.0
breakout_model_61900;3.0;5000.0
breakout_model_62400;7.0;5000.0
breakout_model_62900;16.0;563.0
breakout_model_63400;7.0;337.0
breakout_model_63900;9.0;5000.0
breakout_model_64400;5.0;5000.0
breakout_model_64900;13.0;539.0
breakout_model_65400;14.0;544.0
breakout_model_65900;25.0;743.0
breakout_model_66400;11.0;5000.0
breakout_model_66900;12.0;512.0
breakout_model_67400;21.0;591.0
breakout_model_67900;9.0;5000.0
breakout_model_68400;6.0;5000.0
breakout_model_68900;14.0;582.0
breakout_model_69400;4.0;5000.0
breakout_model_69900;12.0;5000.0
breakout_model_70400;20.0;579.0
breakout_model_70900;11.0;5000.0
breakout_model_71400;11.0;5000.0
breakout_model_71900;16.0;5000.0
breakout_model_72400;25.0;849.0
breakout_model_72900;21.0;695.0
breakout_model_73400;4.0;5000.0
breakout_model_73900;4.0;5000.0
breakout_model_74400;18.0;5000.0
breakout_model_74900;49.0;1137.0
breakout_model_75400;50.0;1255.0
breakout_model_75900;56.0;1377.0
breakout_model_76400;20.0;5000.0
breakout_model_76900;1.0;5000.0
breakout_model_77400;29.0;899.0
breakout_model_77900;7.0;5000.0
breakout_model_78400;23.0;5000.0
breakout_model_78900;5.0;5000.0
breakout_model_79400;65.0;5000.0
breakout_model_79900;15.0;644.0
breakout_model_80400;48.0;1058.0
breakout_model_80900;32.0;2500.0
breakout_model_81400;12.0;2500.0
breakout_model_81900;46.0;1044.0
breakout_model_82400;55.0;1393.0
breakout_model_82900;12.0;2500.0
breakout_model_83400;20.0;2500.0
breakout_model_83900;67.0;1472.0
breakout_model_84400;25.0;2500.0
breakout_model_84900;51.0;2500.0
breakout_model_85400;40.0;1076.0
breakout_model_85900;20.0;2500.0
breakout_model_86400;41.0;1093.0
breakout_model_86900;77.0;1434.0
breakout_model_87400;50.0;1022.0
breakout_model_87900;13.0;2500.0
breakout_model_88400;48.0;1148.0
breakout_model_88900;86.0;1520.0
breakout_model_89400;55.0;1184.0
breakout_model_89900;10.0;2500.0
breakout_model_90400;16.0;2500.0
breakout_model_90900;23.0;2500.0
breakout_model_91400;60.0;1250.0
breakout_model_91900;12.0;2500.0
breakout_model_92400;16.0;2500.0
breakout_model_92900;16.0;2500.0
breakout_model_93400;99.0;1756.0
breakout_model_93900;19.0;2500.0
breakout_model_94400;53.0;2500.0
breakout_model_94900;11.0;2500.0
breakout_model_95400;64.0;1050.0
breakout_model_95900;57.0;1036.0
breakout_model_96400;68.0;1264.0
breakout_model_96900;106.0;1590.0
breakout_model_97400;70.0;1461.0
breakout_model_97900;31.0;816.0
breakout_model_98400;74.0;1280.0
breakout_model_98900;45.0;1135.0
breakout_model_99400;91.0;2500.0
breakout_model_99900;19.0;2500.0
