breakout_model_49900;4.0;261.0
breakout_model_50400;6.0;345.0
breakout_model_50900;3.0;212.0
breakout_model_51400;7.0;5000.0
breakout_model_51900;3.0;227.0
breakout_model_52400;3.0;212.0
breakout_model_52900;3.0;212.0
breakout_model_53400;6.0;341.0
breakout_model_53900;5.0;5000.0
breakout_model_54400;5.0;5000.0
breakout_model_54900;3.0;212.0
breakout_model_55400;6.0;313.0
breakout_model_55900;7.0;376.0
breakout_model_56400;9.0;435.0
breakout_model_56900;4.0;243.0
breakout_model_57400;6.0;323.0
breakout_model_57900;6.0;327.0
breakout_model_58400;3.0;5000.0
breakout_model_58900;6.0;5000.0
breakout_model_59400;5.0;292.0
breakout_model_59900;5.0;292.0
breakout_model_60400;6.0;5000.0
breakout_model_60900;10.0;5000.0
breakout_model_61400;10.0;454.0
breakout_model_61900;3.0;5000.0
breakout_model_62400;7.0;5000.0
breakout_model_62900;16.0;563.0
breakout_model_63400;7.0;337.0
breakout_model_63900;9.0;5000.0
breakout_model_64400;5.0;5000.0
breakout_model_64900;13.0;539.0
breakout_model_65400;14.0;544.0
breakout_model_65900;25.0;743.0
breakout_model_66400;11.0;5000.0
breakout_model_66900;12.0;512.0
breakout_model_67400;21.0;591.0
breakout_model_67900;9.0;5000.0
breakout_model_68400;6.0;5000.0
breakout_model_68900;14.0;582.0
breakout_model_69400;4.0;5000.0
breakout_model_69900;12.0;5000.0
breakout_model_70000;4.0;2500.0
breakout_model_70100;2.0;2500.0
breakout_model_70200;8.0;2500.0
breakout_model_70300;4.0;2500.0
breakout_model_70400;20.0;579.0
breakout_model_70500;17.0;2500.0
breakout_model_70600;25.0;729.0
breakout_model_70700;14.0;2500.0
breakout_model_70800;5.0;2500.0
breakout_model_70900;11.0;2500.0
breakout_model_71000;17.0;2500.0
breakout_model_71100;30.0;809.0
breakout_model_71200;9.0;2500.0
breakout_model_71300;30.0;752.0
breakout_model_71400;11.0;2500.0
breakout_model_71500;23.0;2500.0
breakout_model_71600;34.0;2500.0
breakout_model_71700;8.0;2500.0
breakout_model_71800;12.0;2500.0
breakout_model_71900;16.0;2500.0
breakout_model_72000;32.0;840.0
breakout_model_72100;17.0;2500.0
breakout_model_72200;46.0;929.0
breakout_model_72300;26.0;2500.0
breakout_model_72400;25.0;849.0
breakout_model_72500;2.0;2500.0
breakout_model_72600;4.0;2500.0
breakout_model_72700;31.0;1028.0
breakout_model_72800;25.0;747.0
breakout_model_72900;21.0;695.0
breakout_model_73000;2.0;2500.0
breakout_model_73100;32.0;882.0
breakout_model_73200;12.0;2500.0
breakout_model_73300;0.0;122.0
breakout_model_73400;4.0;2500.0
breakout_model_73500;12.0;2500.0
breakout_model_73600;12.0;2500.0
breakout_model_73700;13.0;2500.0
breakout_model_73800;12.0;2500.0
breakout_model_73900;4.0;2500.0
breakout_model_74000;14.0;561.0
breakout_model_74100;7.0;2500.0
breakout_model_74200;42.0;996.0
breakout_model_74300;11.0;2500.0
breakout_model_74400;18.0;2500.0
breakout_model_74500;11.0;2500.0
breakout_model_74600;10.0;2500.0
breakout_model_74700;32.0;995.0
breakout_model_74800;31.0;2500.0
breakout_model_74900;49.0;1137.0
breakout_model_75000;50.0;1158.0
breakout_model_75100;33.0;933.0
breakout_model_75200;15.0;2500.0
breakout_model_75300;43.0;1050.0
breakout_model_75400;50.0;1255.0
breakout_model_75500;22.0;2500.0
breakout_model_75600;62.0;1400.0
breakout_model_75700;45.0;1084.0
breakout_model_75800;44.0;1007.0
breakout_model_75900;56.0;1377.0
breakout_model_76000;58.0;1390.0
breakout_model_76100;29.0;765.0
breakout_model_76200;30.0;802.0
breakout_model_76300;8.0;2500.0
breakout_model_76400;20.0;2500.0
breakout_model_76500;20.0;2500.0
breakout_model_76600;17.0;2500.0
breakout_model_76700;26.0;2500.0
breakout_model_76800;8.0;381.0
breakout_model_76900;1.0;2500.0
breakout_model_77000;23.0;2500.0
breakout_model_77100;5.0;2500.0
breakout_model_77200;10.0;501.0
breakout_model_77300;67.0;1532.0
breakout_model_77400;29.0;899.0
breakout_model_77500;8.0;2500.0
breakout_model_77600;73.0;1606.0
breakout_model_77700;14.0;2500.0
breakout_model_77800;7.0;2500.0
breakout_model_77900;7.0;2500.0
breakout_model_78000;6.0;2500.0
breakout_model_78100;12.0;2500.0
breakout_model_78200;7.0;2500.0
breakout_model_78300;7.0;2500.0
breakout_model_78400;23.0;2500.0
breakout_model_78500;65.0;1403.0
breakout_model_78600;25.0;863.0
breakout_model_78700;38.0;1080.0
breakout_model_78800;25.0;2500.0
breakout_model_78900;5.0;2500.0
breakout_model_79000;9.0;2500.0
breakout_model_79100;32.0;2500.0
breakout_model_79200;27.0;2500.0
breakout_model_79300;15.0;2500.0
breakout_model_79400;65.0;2500.0
breakout_model_79500;22.0;697.0
breakout_model_79600;4.0;2500.0
breakout_model_79700;10.0;2500.0
breakout_model_79800;21.0;707.0
breakout_model_79900;15.0;644.0
breakout_model_80000;12.0;2500.0
breakout_model_80100;47.0;1152.0
breakout_model_80200;4.0;2500.0
breakout_model_80300;15.0;2500.0
breakout_model_80400;48.0;1058.0
breakout_model_80500;56.0;1052.0
breakout_model_80600;58.0;2500.0
breakout_model_80700;45.0;1264.0
breakout_model_80800;59.0;1189.0
breakout_model_80900;32.0;2500.0
breakout_model_81000;12.0;2500.0
breakout_model_81100;22.0;2500.0
breakout_model_81200;53.0;1153.0
breakout_model_81300;36.0;2500.0
breakout_model_81400;12.0;2500.0
breakout_model_81500;6.0;2500.0
breakout_model_81600;18.0;2500.0
breakout_model_81700;13.0;2500.0
breakout_model_81800;14.0;2500.0
breakout_model_81900;46.0;1044.0
breakout_model_82000;13.0;2500.0
breakout_model_82100;43.0;2500.0
breakout_model_82200;58.0;1438.0
breakout_model_82300;49.0;1034.0
breakout_model_82400;55.0;1393.0
breakout_model_82500;19.0;2500.0
breakout_model_82600;34.0;947.0
breakout_model_82700;33.0;2500.0
breakout_model_82800;22.0;2500.0
breakout_model_82900;12.0;2500.0
breakout_model_83000;13.0;2500.0
breakout_model_83100;8.0;422.0
breakout_model_83200;42.0;1101.0
breakout_model_83300;58.0;2500.0
breakout_model_83400;20.0;2500.0
breakout_model_83500;44.0;2500.0
breakout_model_83600;43.0;2500.0
breakout_model_83700;14.0;2500.0
breakout_model_83800;54.0;1196.0
breakout_model_83900;67.0;1472.0
breakout_model_84000;76.0;1420.0
breakout_model_84100;68.0;2500.0
breakout_model_84200;15.0;2500.0
breakout_model_84300;5.0;2500.0
breakout_model_84400;25.0;2500.0
breakout_model_84500;58.0;2500.0
breakout_model_84600;29.0;925.0
breakout_model_84700;56.0;1311.0
breakout_model_84800;58.0;2500.0
breakout_model_84900;51.0;2500.0
breakout_model_85000;12.0;2500.0
breakout_model_85100;16.0;2500.0
breakout_model_85200;24.0;2500.0
breakout_model_85300;13.0;2500.0
breakout_model_85400;40.0;1076.0
breakout_model_85500;4.0;2500.0
breakout_model_85600;72.0;1384.0
breakout_model_85700;10.0;2500.0
breakout_model_85800;79.0;1756.0
breakout_model_85900;20.0;2500.0
breakout_model_86000;53.0;1213.0
breakout_model_86100;69.0;1629.0
breakout_model_86200;43.0;2500.0
breakout_model_86300;50.0;1091.0
breakout_model_86400;41.0;1093.0
breakout_model_86500;58.0;2500.0
breakout_model_86600;8.0;2500.0
breakout_model_86700;28.0;710.0
breakout_model_86800;43.0;1009.0
breakout_model_86900;77.0;1434.0
breakout_model_87000;58.0;1345.0
breakout_model_87100;20.0;2500.0
breakout_model_87200;7.0;2500.0
breakout_model_87300;19.0;2500.0
breakout_model_87400;50.0;1022.0
breakout_model_87500;23.0;2500.0
breakout_model_87600;10.0;2500.0
breakout_model_87700;6.0;2500.0
breakout_model_87800;67.0;1316.0
breakout_model_87900;13.0;2500.0
breakout_model_88000;42.0;1023.0
breakout_model_88100;13.0;2500.0
breakout_model_88200;8.0;2500.0
breakout_model_88300;8.0;2500.0
breakout_model_88400;48.0;1148.0
breakout_model_88500;32.0;2500.0
breakout_model_88600;39.0;839.0
breakout_model_88700;5.0;2500.0
breakout_model_88800;58.0;1258.0
breakout_model_88900;86.0;1520.0
breakout_model_89000;13.0;2500.0
breakout_model_89100;12.0;2500.0
breakout_model_89200;66.0;1387.0
breakout_model_89300;23.0;2500.0
breakout_model_89400;55.0;1184.0
breakout_model_89500;54.0;1224.0
breakout_model_89600;57.0;1011.0
breakout_model_89700;12.0;2500.0
breakout_model_89800;86.0;2500.0
breakout_model_89900;10.0;2500.0
breakout_model_90000;12.0;2500.0
breakout_model_90100;12.0;2500.0
breakout_model_90200;13.0;2500.0
breakout_model_90300;12.0;2500.0
breakout_model_90400;16.0;2500.0
breakout_model_90500;64.0;1216.0
breakout_model_90600;65.0;2500.0
breakout_model_90700;43.0;2500.0
breakout_model_90800;4.0;2500.0
breakout_model_90900;23.0;2500.0
breakout_model_91000;12.0;2500.0
breakout_model_91100;65.0;1368.0
breakout_model_91200;4.0;2500.0
breakout_model_91300;20.0;2500.0
breakout_model_91400;60.0;1250.0
breakout_model_91500;82.0;1483.0
breakout_model_91600;9.0;2500.0
breakout_model_91700;21.0;2500.0
breakout_model_91800;79.0;1347.0
breakout_model_91900;12.0;2500.0
breakout_model_92000;73.0;1373.0
breakout_model_92100;8.0;2500.0
breakout_model_92200;7.0;2500.0
breakout_model_92300;12.0;2500.0
breakout_model_92400;16.0;2500.0
breakout_model_92500;26.0;2500.0
breakout_model_92600;16.0;2500.0
breakout_model_92700;54.0;1027.0
breakout_model_92800;19.0;2500.0
breakout_model_92900;16.0;2500.0
breakout_model_93000;16.0;2500.0
breakout_model_93100;42.0;1030.0
breakout_model_93200;87.0;1484.0
breakout_model_93300;40.0;935.0
breakout_model_93400;99.0;1756.0
breakout_model_93500;64.0;1289.0
breakout_model_93600;25.0;2500.0
breakout_model_93700;13.0;2500.0
breakout_model_93800;83.0;2500.0
breakout_model_93900;19.0;2500.0
breakout_model_94000;89.0;1585.0
breakout_model_94100;87.0;1357.0
breakout_model_94200;29.0;2500.0
breakout_model_94300;13.0;2500.0
breakout_model_94400;53.0;2500.0
breakout_model_94500;15.0;2500.0
breakout_model_94600;27.0;2500.0
breakout_model_94700;81.0;1544.0
breakout_model_94800;20.0;2500.0
breakout_model_94900;11.0;2500.0
breakout_model_95000;16.0;2500.0
breakout_model_95100;48.0;951.0
breakout_model_95200;59.0;990.0
breakout_model_95300;84.0;1397.0
breakout_model_95400;64.0;1050.0
breakout_model_95500;17.0;2500.0
breakout_model_95600;57.0;1217.0
breakout_model_95700;13.0;2500.0
breakout_model_95800;68.0;1069.0
breakout_model_95900;57.0;1036.0
breakout_model_96000;24.0;553.0
breakout_model_96100;94.0;1466.0
breakout_model_96200;16.0;2500.0
breakout_model_96300;13.0;2500.0
breakout_model_96400;68.0;1264.0
breakout_model_96500;109.0;1459.0
breakout_model_96600;75.0;1387.0
breakout_model_96700;21.0;2500.0
breakout_model_96800;20.0;2500.0
breakout_model_96900;106.0;1590.0
breakout_model_97000;20.0;2500.0
breakout_model_97100;17.0;2500.0
breakout_model_97200;18.0;2500.0
breakout_model_97300;43.0;847.0
breakout_model_97400;70.0;1461.0
breakout_model_97500;23.0;2500.0
breakout_model_97600;79.0;1427.0
breakout_model_97700;42.0;2500.0
breakout_model_97800;34.0;706.0
breakout_model_97900;31.0;816.0
breakout_model_98000;30.0;642.0
breakout_model_98100;75.0;1422.0
breakout_model_98200;42.0;2500.0
breakout_model_98300;60.0;1272.0
breakout_model_98400;74.0;1280.0
breakout_model_98500;91.0;1405.0
breakout_model_98600;67.0;2500.0
breakout_model_98700;44.0;986.0
breakout_model_98800;40.0;978.0
breakout_model_98900;45.0;1135.0
breakout_model_99000;72.0;1227.0
breakout_model_99100;40.0;724.0
breakout_model_99200;59.0;2500.0
breakout_model_99300;90.0;1430.0
breakout_model_99400;91.0;2500.0
breakout_model_99500;115.0;1474.0
breakout_model_99600;78.0;1527.0
breakout_model_99700;10.0;2500.0
breakout_model_99800;7.0;2500.0
breakout_model_99900;19.0;2500.0
